<?xml version="1.0" encoding="UTF-8"?>
<testsuite xmlns:xsi="http://www.w3.org/2001/XMLSchema-instance" xsi:noNamespaceSchemaLocation="https://maven.apache.org/surefire/maven-surefire-plugin/xsd/surefire-test-report.xsd" version="3.0.2" name="com.ProyectoSamuelDeportes.samuel.app.ProyectoSamuelDeportesApplicationTests" time="9.46" tests="1" errors="0" skipped="0" failures="0">
  <properties>
[...]
</properties>
  <testcase name="contextLoads" classname="com.ProyectoSamuelDeportes.samuel.app.ProyectoSamuelDeportesApplicationTests" time="0.821">
    <system-out><![CDATA[18:57:30.094 [main] INFO org.springframework.test.context.support.AnnotationConfigContextLoaderUtils -- Could not detect default configuration classes for test class [com.ProyectoSamuelDeportes.samuel.app.ProyectoSamuelDeportesApplicationTests]: ProyectoSamuelDeportesApplicationTests does not declare any static, non-private, non-final, nested classes annotated with @Configuration.
18:57:30.301 [main] INFO org.springframework.boot.test.context.SpringBootTestContextBootstrapper -- Found @SpringBootConfiguration com.ProyectoSamuelDeportes.samuel.app.ProyectoSamuelDeportesApplication for test class com.ProyectoSamuelDeportes.samuel.app.ProyectoSamuelDeportesApplicationTests
18:57:30.587 [main] INFO org.springframework.boot.devtools.restart.RestartApplicationListener -- Restart disabled due to context in which it is running

  .   ____          _            __ _ _
 /\\ / ___'_ __ _ _(_)_ __  __ _ \ \ \ \
( ( )\___ | '_ | '_| | '_ \/ _` | \ \ \ \
 \\/  ___)| |_)| | | | | || (_| |  ) ) ) )
  '  |____| .__|_| |_|_| |_\__, | / / / /
 =========|_|==============|___/=/_/_/_/

 :: Spring Boot ::                (v3.4.0)

2024-11-21T18:57:31.200-05:00  INFO 18764 --- [ProyectoSamuelDeportes] [           main] a.ProyectoSamuelDeportesApplicationTests : Starting ProyectoSamuelDeportesApplicationTests using Java 23 with PID 18764 (started by Usuario in C:\UltimoPuntoTaller-master)
2024-11-21T18:57:31.202-05:00  INFO 18764 --- [ProyectoSamuelDeportes] [           main] a.ProyectoSamuelDeportesApplicationTests : No active profile set, falling back to 1 default profile: "default"
2024-11-21T18:57:31.252-05:00 DEBUG 18764 --- [ProyectoSamuelDeportes] [           main] o.s.w.c.s.GenericWebApplicationContext   : Refreshing org.springframework.web.context.support.GenericWebApplicationContext@282308c3
2024-11-21T18:57:32.718-05:00  INFO 18764 --- [ProyectoSamuelDeportes] [           main] .s.d.r.c.RepositoryConfigurationDelegate : Bootstrapping Spring Data JPA repositories in DEFAULT mode.
2024-11-21T18:57:32.875-05:00  INFO 18764 --- [ProyectoSamuelDeportes] [           main] .s.d.r.c.RepositoryConfigurationDelegate : Finished Spring Data repository scanning in 126 ms. Found 5 JPA repository interfaces.
2024-11-21T18:57:33.820-05:00  INFO 18764 --- [ProyectoSamuelDeportes] [           main] o.hibernate.jpa.internal.util.LogHelper  : HHH000204: Processing PersistenceUnitInfo [name: default]
2024-11-21T18:57:34.016-05:00  INFO 18764 --- [ProyectoSamuelDeportes] [           main] org.hibernate.Version                    : HHH000412: Hibernate ORM core version 6.6.2.Final
2024-11-21T18:57:34.088-05:00  INFO 18764 --- [ProyectoSamuelDeportes] [           main] o.h.c.internal.RegionFactoryInitiator    : HHH000026: Second-level cache disabled
2024-11-21T18:57:34.895-05:00  INFO 18764 --- [ProyectoSamuelDeportes] [           main] o.s.o.j.p.SpringPersistenceUnitInfo      : No LoadTimeWeaver setup: ignoring JPA class transformer
2024-11-21T18:57:34.965-05:00  INFO 18764 --- [ProyectoSamuelDeportes] [           main] com.zaxxer.hikari.HikariDataSource       : HikariPool-1 - Starting...
2024-11-21T18:57:35.283-05:00  INFO 18764 --- [ProyectoSamuelDeportes] [           main] com.zaxxer.hikari.pool.HikariPool        : HikariPool-1 - Added connection conn0: url=jdbc:h2:mem:samuelbda user=SAMUEL
2024-11-21T18:57:35.287-05:00  INFO 18764 --- [ProyectoSamuelDeportes] [           main] com.zaxxer.hikari.HikariDataSource       : HikariPool-1 - Start completed.
2024-11-21T18:57:35.314-05:00  WARN 18764 --- [ProyectoSamuelDeportes] [           main] org.hibernate.orm.deprecation            : HHH90000025: H2Dialect does not need to be specified explicitly using 'hibernate.dialect' (remove the property setting and it will be selected by default)
2024-11-21T18:57:35.352-05:00  INFO 18764 --- [ProyectoSamuelDeportes] [           main] org.hibernate.orm.connections.pooling    : HHH10001005: Database info:
	Database JDBC URL [Connecting through datasource 'HikariDataSource (HikariPool-1)']
	Database driver: undefined/unknown
	Database version: 2.3.232
	Autocommit mode: undefined/unknown
	Isolation level: undefined/unknown
	Minimum pool size: undefined/unknown
	Maximum pool size: undefined/unknown
2024-11-21T18:57:36.630-05:00  INFO 18764 --- [ProyectoSamuelDeportes] [           main] o.h.e.t.j.p.i.JtaPlatformInitiator       : HHH000489: No JTA platform available (set 'hibernate.transaction.jta.platform' to enable JTA platform integration)
2024-11-21T18:57:36.739-05:00  INFO 18764 --- [ProyectoSamuelDeportes] [           main] j.LocalContainerEntityManagerFactoryBean : Initialized JPA EntityManagerFactory for persistence unit 'default'
2024-11-21T18:57:37.571-05:00  WARN 18764 --- [ProyectoSamuelDeportes] [           main] JpaBaseConfiguration$JpaWebConfiguration : spring.jpa.open-in-view is enabled by default. Therefore, database queries may be performed during view rendering. Explicitly configure spring.jpa.open-in-view to disable this warning
2024-11-21T18:57:37.641-05:00  INFO 18764 --- [ProyectoSamuelDeportes] [           main] o.s.b.a.w.s.WelcomePageHandlerMapping    : Adding welcome page template: index
2024-11-21T18:57:37.809-05:00 DEBUG 18764 --- [ProyectoSamuelDeportes] [           main] s.w.s.m.m.a.RequestMappingHandlerMapping : 27 mappings in 'requestMappingHandlerMapping'
2024-11-21T18:57:38.015-05:00 DEBUG 18764 --- [ProyectoSamuelDeportes] [           main] o.s.w.s.handler.SimpleUrlHandlerMapping  : Patterns [/webjars/**, /**] in 'resourceHandlerMapping'
2024-11-21T18:57:38.058-05:00 DEBUG 18764 --- [ProyectoSamuelDeportes] [           main] s.w.s.m.m.a.RequestMappingHandlerAdapter : ControllerAdvice beans: 0 @ModelAttribute, 0 @InitBinder, 1 RequestBodyAdvice, 1 ResponseBodyAdvice
2024-11-21T18:57:38.206-05:00 DEBUG 18764 --- [ProyectoSamuelDeportes] [           main] .m.m.a.ExceptionHandlerExceptionResolver : ControllerAdvice beans: 0 @ExceptionHandler, 1 ResponseBodyAdvice
2024-11-21T18:57:38.275-05:00  INFO 18764 --- [ProyectoSamuelDeportes] [           main] o.s.b.a.h2.H2ConsoleAutoConfiguration    : H2 console available at '/h2-console'. Database available at 'jdbc:h2:mem:samuelbda'
2024-11-21T18:57:38.401-05:00  INFO 18764 --- [ProyectoSamuelDeportes] [           main] a.ProyectoSamuelDeportesApplicationTests : Started ProyectoSamuelDeportesApplicationTests in 7.84 seconds (process running for 9.702)
]]></system-out>
    <system-err><![CDATA[Mockito is currently self-attaching to enable the inline-mock-maker. This will no longer work in future releases of the JDK. Please add Mockito as an agent to your build what is described in Mockito's documentation: https://javadoc.io/doc/org.mockito/mockito-core/latest/org/mockito/Mockito.html#0.3
WARNING: A Java agent has been loaded dynamically (C:\Users\Usuario\.m2\repository\net\bytebuddy\byte-buddy-agent\1.15.10\byte-buddy-agent-1.15.10.jar)
WARNING: If a serviceability tool is in use, please run with -XX:+EnableDynamicAgentLoading to hide this warning
WARNING: If a serviceability tool is not in use, please run with -Djdk.instrument.traceUsage for more information
WARNING: Dynamic loading of agents will be disallowed by default in a future release
]]></system-err>
  </testcase>
</testsuite>